mode: atomic
upframer-worker/internal/infra/rabbit/consumer.go:9.92,13.16 2 0
upframer-worker/internal/infra/rabbit/consumer.go:13.16,15.3 1 0
upframer-worker/internal/infra/rabbit/consumer.go:17.2,18.16 2 0
upframer-worker/internal/infra/rabbit/consumer.go:18.16,20.3 1 0
upframer-worker/internal/infra/rabbit/consumer.go:22.2,24.16 2 0
upframer-worker/internal/infra/rabbit/consumer.go:24.16,26.3 1 0
upframer-worker/internal/infra/rabbit/consumer.go:28.2,29.18 2 0
upframer-worker/internal/infra/rabbit/publisher.go:16.60,20.2 1 0
upframer-worker/internal/infra/rabbit/publisher.go:22.94,25.16 2 0
upframer-worker/internal/infra/rabbit/publisher.go:25.16,27.3 1 0
upframer-worker/internal/infra/rabbit/publisher.go:29.2,37.16 3 0
upframer-worker/internal/infra/rabbit/publisher.go:37.16,39.3 1 0
upframer-worker/internal/infra/rabbit/publisher.go:41.2,53.16 2 0
upframer-worker/internal/infra/rabbit/publisher.go:53.16,55.3 1 0
upframer-worker/internal/infra/rabbit/publisher.go:57.2,57.12 1 0
upframer-worker/internal/infra/rabbit/rabbit.go:16.30,19.16 2 0
upframer-worker/internal/infra/rabbit/rabbit.go:19.16,21.3 1 0
upframer-worker/internal/infra/rabbit/rabbit.go:23.2,24.16 2 0
upframer-worker/internal/infra/rabbit/rabbit.go:24.16,26.3 1 0
upframer-worker/internal/infra/rabbit/rabbit.go:28.2,31.3 1 0
upframer-worker/internal/infra/rabbit/rabbit.go:34.38,37.2 2 0
upframer-worker/cmd/consumer/main.go:11.13,13.2 1 0
upframer-worker/cmd/consumer/main.go:15.13,21.16 4 0
upframer-worker/cmd/consumer/main.go:21.16,23.3 1 0
upframer-worker/cmd/consumer/main.go:25.2,30.12 5 0
upframer-worker/cmd/consumer/main.go:30.12,31.25 1 0
upframer-worker/cmd/consumer/main.go:31.25,35.18 3 0
upframer-worker/cmd/consumer/main.go:35.18,38.5 2 0
upframer-worker/cmd/consumer/main.go:38.10,41.5 2 0
upframer-worker/cmd/consumer/main.go:45.2,45.11 1 0
upframer-worker/internal/infra/ffmpeg/processor.go:11.44,13.2 1 0
upframer-worker/internal/infra/ffmpeg/processor.go:15.100,20.16 3 0
upframer-worker/internal/infra/ffmpeg/processor.go:20.16,25.3 1 0
upframer-worker/internal/infra/ffmpeg/processor.go:30.2,41.16 4 0
upframer-worker/internal/infra/ffmpeg/processor.go:41.16,47.3 1 0
upframer-worker/internal/infra/ffmpeg/processor.go:49.2,52.8 1 0
upframer-worker/internal/application/usecases/process_video.go:15.115,20.2 1 7
upframer-worker/internal/application/usecases/process_video.go:22.68,26.61 2 6
upframer-worker/internal/application/usecases/process_video.go:26.61,29.3 2 1
upframer-worker/internal/application/usecases/process_video.go:31.2,33.16 2 5
upframer-worker/internal/application/usecases/process_video.go:33.16,35.3 1 1
upframer-worker/internal/application/usecases/process_video.go:37.2,37.79 1 4
upframer-worker/internal/application/usecases/process_video.go:37.79,40.3 2 1
upframer-worker/internal/application/usecases/process_video.go:42.2,42.12 1 3
